  Assembling t1.asm...
t1.asm(1): error A2008: syntax error : .
t1.asm(2): error A2008: syntax error : .
t1.asm(12): error A2070: invalid instruction operands
t1.asm(34): error A2070: invalid instruction operands
t1.asm(43): error A2070: invalid instruction operands
t1.asm(50): error A2070: invalid instruction operands
t1.asm(62): error A2070: invalid instruction operands
t1.asm(71): error A2070: invalid instruction operands
t1.asm(82): error A2070: invalid instruction operands
t1.asm(93): error A2070: invalid instruction operands
t1.asm(95): error A2070: invalid instruction operands
t1.asm(100): error A2070: invalid instruction operands
t1.asm(9): error A2006: undefined symbol : min
t1.asm(28): error A2006: undefined symbol : funciton_min2
t1.asm(29): error A2006: undefined symbol : abp
t1.asm(40): error A2006: undefined symbol : p
t1.asm(51): error A2006: undefined symbol : function_min
t1.asm(58): error A2006: undefined symbol : function_min
t1.asm(67): error A2006: undefined symbol : gcd
t1.asm(96): error A2006: undefined symbol : function_gdc
C:\Program Files (x86)\Microsoft Visual Studio\2017\Enterprise\Common7\IDE\VC\VCTargets\BuildCustomizations\masm.targets(50,5): error MSB3721: The command "ml64.exe /c /nologo /Zi /Fo"x64\Debug\t1.obj" /W3 /errorReport:prompt  /Tat1.asm" exited with code 1.
